19:02:09.326 [Daemon worker Thread 3] ERROR o.a.i.p.ModelValidator:77 - org.androidannotations.annotations.ViewById cannot be used on a private element
19:02:09.336 [Daemon worker Thread 3] WARN  o.a.i.p.ModelValidator:88 - Element searchResultsRecyclerView invalidated by ViewByIdHandler
19:38:29.313 [Daemon worker Thread 9] ERROR o.a.i.p.ModelValidator:77 - org.androidannotations.annotations.ViewById cannot be used on a private element
19:38:29.317 [Daemon worker Thread 9] WARN  o.a.i.p.ModelValidator:88 - Element title invalidated by ViewByIdHandler
19:38:29.318 [Daemon worker Thread 9] ERROR o.a.i.p.ModelValidator:77 - org.androidannotations.annotations.ViewById cannot be used on a private element
19:38:29.319 [Daemon worker Thread 9] WARN  o.a.i.p.ModelValidator:88 - Element year invalidated by ViewByIdHandler
19:38:29.320 [Daemon worker Thread 9] ERROR o.a.i.p.ModelValidator:77 - org.androidannotations.annotations.ViewById cannot be used on a private element
19:38:29.320 [Daemon worker Thread 9] WARN  o.a.i.p.ModelValidator:88 - Element directors invalidated by ViewByIdHandler
19:38:29.321 [Daemon worker Thread 9] ERROR o.a.i.p.ModelValidator:77 - org.androidannotations.annotations.ViewById cannot be used on a private element
19:38:29.321 [Daemon worker Thread 9] WARN  o.a.i.p.ModelValidator:88 - Element actors invalidated by ViewByIdHandler
19:38:29.322 [Daemon worker Thread 9] ERROR o.a.i.p.ModelValidator:77 - org.androidannotations.annotations.ViewById cannot be used on a private element
19:38:29.322 [Daemon worker Thread 9] WARN  o.a.i.p.ModelValidator:88 - Element plot invalidated by ViewByIdHandler
19:38:29.323 [Daemon worker Thread 9] ERROR o.a.i.p.ModelValidator:77 - org.androidannotations.annotations.ViewById cannot be used on a private element
19:38:29.324 [Daemon worker Thread 9] WARN  o.a.i.p.ModelValidator:88 - Element poster invalidated by ViewByIdHandler
19:40:49.393 [Daemon worker Thread 10] ERROR o.a.i.p.ModelValidator:77 - org.androidannotations.annotations.ViewById cannot be used on a private element
19:40:49.397 [Daemon worker Thread 10] WARN  o.a.i.p.ModelValidator:88 - Element title invalidated by ViewByIdHandler
19:40:49.398 [Daemon worker Thread 10] ERROR o.a.i.p.ModelValidator:77 - org.androidannotations.annotations.ViewById cannot be used on a private element
19:40:49.399 [Daemon worker Thread 10] WARN  o.a.i.p.ModelValidator:88 - Element year invalidated by ViewByIdHandler
19:40:49.401 [Daemon worker Thread 10] ERROR o.a.i.p.ModelValidator:77 - org.androidannotations.annotations.ViewById cannot be used on a private element
19:40:49.402 [Daemon worker Thread 10] WARN  o.a.i.p.ModelValidator:88 - Element directors invalidated by ViewByIdHandler
19:40:49.404 [Daemon worker Thread 10] ERROR o.a.i.p.ModelValidator:77 - org.androidannotations.annotations.ViewById cannot be used on a private element
19:40:49.404 [Daemon worker Thread 10] WARN  o.a.i.p.ModelValidator:88 - Element actors invalidated by ViewByIdHandler
19:40:49.405 [Daemon worker Thread 10] ERROR o.a.i.p.ModelValidator:77 - org.androidannotations.annotations.ViewById cannot be used on a private element
19:40:49.405 [Daemon worker Thread 10] WARN  o.a.i.p.ModelValidator:88 - Element plot invalidated by ViewByIdHandler
19:40:49.405 [Daemon worker Thread 10] ERROR o.a.i.p.ModelValidator:77 - org.androidannotations.annotations.ViewById cannot be used on a private element
19:40:49.406 [Daemon worker Thread 10] WARN  o.a.i.p.ModelValidator:88 - Element poster invalidated by ViewByIdHandler
19:43:59.942 [Daemon worker Thread 11] ERROR o.a.i.p.ModelValidator:77 - org.androidannotations.annotations.AfterViews cannot be used on a private element
19:43:59.944 [Daemon worker Thread 11] WARN  o.a.i.p.ModelValidator:88 - Element getMovieDetails() invalidated by AfterViewsHandler
